Analysis & Synthesis report for relogioDespertador
Wed Oct 30 16:58:11 2019
Quartus Prime Version 18.1.0 Build 625 09/12/2018 SJ Lite Edition


---------------------
; Table of Contents ;
---------------------
  1. Legal Notice
  2. Analysis & Synthesis Summary
  3. Analysis & Synthesis Settings
  4. Parallel Compilation
  5. Analysis & Synthesis Source Files Read
  6. Analysis & Synthesis Resource Usage Summary
  7. Analysis & Synthesis Resource Utilization by Entity
  8. General Register Statistics
  9. Parameter Settings for User Entity Instance: contador:contm0
 10. Parameter Settings for User Entity Instance: contador:contm1
 11. Parameter Settings for User Entity Instance: contador:conth0
 12. Parameter Settings for User Entity Instance: contador:conth1
 13. Post-Synthesis Netlist Statistics for Top Partition
 14. Elapsed Time Per Partition
 15. Analysis & Synthesis Messages



----------------
; Legal Notice ;
----------------
Copyright (C) 2018  Intel Corporation. All rights reserved.
Your use of Intel Corporation's design tools, logic functions 
and other software and tools, and its AMPP partner logic 
functions, and any output files from any of the foregoing 
(including device programming or simulation files), and any 
associated documentation or information are expressly subject 
to the terms and conditions of the Intel Program License 
Subscription Agreement, the Intel Quartus Prime License Agreement,
the Intel FPGA IP License Agreement, or other applicable license
agreement, including, without limitation, that your use is for
the sole purpose of programming logic devices manufactured by
Intel and sold by Intel or its authorized distributors.  Please
refer to the applicable agreement for further details.



+-------------------------------------------------------------------------------+
; Analysis & Synthesis Summary                                                  ;
+---------------------------------+---------------------------------------------+
; Analysis & Synthesis Status     ; Successful - Wed Oct 30 16:58:11 2019       ;
; Quartus Prime Version           ; 18.1.0 Build 625 09/12/2018 SJ Lite Edition ;
; Revision Name                   ; relogioDespertador                          ;
; Top-level Entity Name           ; relogioDespertador                          ;
; Family                          ; Cyclone V                                   ;
; Logic utilization (in ALMs)     ; N/A                                         ;
; Total registers                 ; 16                                          ;
; Total pins                      ; 43                                          ;
; Total virtual pins              ; 0                                           ;
; Total block memory bits         ; 0                                           ;
; Total DSP Blocks                ; 0                                           ;
; Total HSSI RX PCSs              ; 0                                           ;
; Total HSSI PMA RX Deserializers ; 0                                           ;
; Total HSSI TX PCSs              ; 0                                           ;
; Total HSSI PMA TX Serializers   ; 0                                           ;
; Total PLLs                      ; 0                                           ;
; Total DLLs                      ; 0                                           ;
+---------------------------------+---------------------------------------------+


+---------------------------------------------------------------------------------------------------------------------------+
; Analysis & Synthesis Settings                                                                                             ;
+---------------------------------------------------------------------------------+--------------------+--------------------+
; Option                                                                          ; Setting            ; Default Value      ;
+---------------------------------------------------------------------------------+--------------------+--------------------+
; Device                                                                          ; 5CGXFC7C7F23C8     ;                    ;
; Top-level entity name                                                           ; relogioDespertador ; relogioDespertador ;
; Family name                                                                     ; Cyclone V          ; Cyclone V          ;
; Use smart compilation                                                           ; Off                ; Off                ;
; Enable parallel Assembler and Timing Analyzer during compilation                ; On                 ; On                 ;
; Enable compact report table                                                     ; Off                ; Off                ;
; Restructure Multiplexers                                                        ; Auto               ; Auto               ;
; MLAB Add Timing Constraints For Mixed-Port Feed-Through Mode Setting Don't Care ; Off                ; Off                ;
; Create Debugging Nodes for IP Cores                                             ; Off                ; Off                ;
; Preserve fewer node names                                                       ; On                 ; On                 ;
; Intel FPGA IP Evaluation Mode                                                   ; Enable             ; Enable             ;
; Verilog Version                                                                 ; Verilog_2001       ; Verilog_2001       ;
; VHDL Version                                                                    ; VHDL_1993          ; VHDL_1993          ;
; State Machine Processing                                                        ; Auto               ; Auto               ;
; Safe State Machine                                                              ; Off                ; Off                ;
; Extract Verilog State Machines                                                  ; On                 ; On                 ;
; Extract VHDL State Machines                                                     ; On                 ; On                 ;
; Ignore Verilog initial constructs                                               ; Off                ; Off                ;
; Iteration limit for constant Verilog loops                                      ; 5000               ; 5000               ;
; Iteration limit for non-constant Verilog loops                                  ; 250                ; 250                ;
; Add Pass-Through Logic to Inferred RAMs                                         ; On                 ; On                 ;
; Infer RAMs from Raw Logic                                                       ; On                 ; On                 ;
; Parallel Synthesis                                                              ; On                 ; On                 ;
; DSP Block Balancing                                                             ; Auto               ; Auto               ;
; NOT Gate Push-Back                                                              ; On                 ; On                 ;
; Power-Up Don't Care                                                             ; On                 ; On                 ;
; Remove Redundant Logic Cells                                                    ; Off                ; Off                ;
; Remove Duplicate Registers                                                      ; On                 ; On                 ;
; Ignore CARRY Buffers                                                            ; Off                ; Off                ;
; Ignore CASCADE Buffers                                                          ; Off                ; Off                ;
; Ignore GLOBAL Buffers                                                           ; Off                ; Off                ;
; Ignore ROW GLOBAL Buffers                                                       ; Off                ; Off                ;
; Ignore LCELL Buffers                                                            ; Off                ; Off                ;
; Ignore SOFT Buffers                                                             ; On                 ; On                 ;
; Limit AHDL Integers to 32 Bits                                                  ; Off                ; Off                ;
; Optimization Technique                                                          ; Balanced           ; Balanced           ;
; Carry Chain Length                                                              ; 70                 ; 70                 ;
; Auto Carry Chains                                                               ; On                 ; On                 ;
; Auto Open-Drain Pins                                                            ; On                 ; On                 ;
; Perform WYSIWYG Primitive Resynthesis                                           ; Off                ; Off                ;
; Auto ROM Replacement                                                            ; On                 ; On                 ;
; Auto RAM Replacement                                                            ; On                 ; On                 ;
; Auto DSP Block Replacement                                                      ; On                 ; On                 ;
; Auto Shift Register Replacement                                                 ; Auto               ; Auto               ;
; Allow Shift Register Merging across Hierarchies                                 ; Auto               ; Auto               ;
; Auto Clock Enable Replacement                                                   ; On                 ; On                 ;
; Strict RAM Replacement                                                          ; Off                ; Off                ;
; Allow Synchronous Control Signals                                               ; On                 ; On                 ;
; Force Use of Synchronous Clear Signals                                          ; Off                ; Off                ;
; Auto Resource Sharing                                                           ; Off                ; Off                ;
; Allow Any RAM Size For Recognition                                              ; Off                ; Off                ;
; Allow Any ROM Size For Recognition                                              ; Off                ; Off                ;
; Allow Any Shift Register Size For Recognition                                   ; Off                ; Off                ;
; Use LogicLock Constraints during Resource Balancing                             ; On                 ; On                 ;
; Ignore translate_off and synthesis_off directives                               ; Off                ; Off                ;
; Timing-Driven Synthesis                                                         ; On                 ; On                 ;
; Report Parameter Settings                                                       ; On                 ; On                 ;
; Report Source Assignments                                                       ; On                 ; On                 ;
; Report Connectivity Checks                                                      ; On                 ; On                 ;
; Ignore Maximum Fan-Out Assignments                                              ; Off                ; Off                ;
; Synchronization Register Chain Length                                           ; 3                  ; 3                  ;
; Power Optimization During Synthesis                                             ; Normal compilation ; Normal compilation ;
; HDL message level                                                               ; Level2             ; Level2             ;
; Suppress Register Optimization Related Messages                                 ; Off                ; Off                ;
; Number of Removed Registers Reported in Synthesis Report                        ; 5000               ; 5000               ;
; Number of Swept Nodes Reported in Synthesis Report                              ; 5000               ; 5000               ;
; Number of Inverted Registers Reported in Synthesis Report                       ; 100                ; 100                ;
; Clock MUX Protection                                                            ; On                 ; On                 ;
; Auto Gated Clock Conversion                                                     ; Off                ; Off                ;
; Block Design Naming                                                             ; Auto               ; Auto               ;
; SDC constraint protection                                                       ; Off                ; Off                ;
; Synthesis Effort                                                                ; Auto               ; Auto               ;
; Shift Register Replacement - Allow Asynchronous Clear Signal                    ; On                 ; On                 ;
; Pre-Mapping Resynthesis Optimization                                            ; Off                ; Off                ;
; Analysis & Synthesis Message Level                                              ; Medium             ; Medium             ;
; Disable Register Merging Across Hierarchies                                     ; Auto               ; Auto               ;
; Resource Aware Inference For Block RAM                                          ; On                 ; On                 ;
; Automatic Parallel Synthesis                                                    ; On                 ; On                 ;
; Partial Reconfiguration Bitstream ID                                            ; Off                ; Off                ;
+---------------------------------------------------------------------------------+--------------------+--------------------+


+------------------------------------------+
; Parallel Compilation                     ;
+----------------------------+-------------+
; Processors                 ; Number      ;
+----------------------------+-------------+
; Number detected on machine ; 4           ;
; Maximum allowed            ; 2           ;
;                            ;             ;
; Average used               ; 1.00        ;
; Maximum used               ; 2           ;
;                            ;             ;
; Usage by Processor         ; % Time Used ;
;     Processor 1            ; 100.0%      ;
;     Processor 2            ;   0.0%      ;
+----------------------------+-------------+


+---------------------------------------------------------------------------------------------------------------------------------------------------------+
; Analysis & Synthesis Source Files Read                                                                                                                  ;
+----------------------------------+-----------------+-----------------+------------------------------------------------------------------------+---------+
; File Name with User-Entered Path ; Used in Netlist ; File Type       ; File Name with Absolute Path                                           ; Library ;
+----------------------------------+-----------------+-----------------+------------------------------------------------------------------------+---------+
; codificador.vhd                  ; yes             ; User VHDL File  ; /home/gabriel/programs/circuitos/relogiodigital/codificador.vhd        ;         ;
; demux1x4.vhd                     ; yes             ; User VHDL File  ; /home/gabriel/programs/circuitos/relogiodigital/demux1x4.vhd           ;         ;
; decodificador.vhd                ; yes             ; User VHDL File  ; /home/gabriel/programs/circuitos/relogiodigital/decodificador.vhd      ;         ;
; relogioDespertador.vhd           ; yes             ; User VHDL File  ; /home/gabriel/programs/circuitos/relogiodigital/relogioDespertador.vhd ;         ;
; contador.vhd                     ; yes             ; User VHDL File  ; /home/gabriel/programs/circuitos/relogiodigital/contador.vhd           ;         ;
; controlador.vhd                  ; yes             ; User VHDL File  ; /home/gabriel/programs/circuitos/relogiodigital/controlador.vhd        ;         ;
+----------------------------------+-----------------+-----------------+------------------------------------------------------------------------+---------+


+----------------------------------------------------------+
; Analysis & Synthesis Resource Usage Summary              ;
+---------------------------------------------+------------+
; Resource                                    ; Usage      ;
+---------------------------------------------+------------+
; Estimate of Logic utilization (ALMs needed) ; 39         ;
;                                             ;            ;
; Combinational ALUT usage for logic          ; 67         ;
;     -- 7 input functions                    ; 0          ;
;     -- 6 input functions                    ; 10         ;
;     -- 5 input functions                    ; 12         ;
;     -- 4 input functions                    ; 19         ;
;     -- <=3 input functions                  ; 26         ;
;                                             ;            ;
; Dedicated logic registers                   ; 16         ;
;                                             ;            ;
; I/O pins                                    ; 43         ;
;                                             ;            ;
; Total DSP Blocks                            ; 0          ;
;                                             ;            ;
; Maximum fan-out node                        ; load~input ;
; Maximum fan-out                             ; 22         ;
; Total fan-out                               ; 399        ;
; Average fan-out                             ; 2.36       ;
+---------------------------------------------+------------+


+-----------------------------------------------------------------------------------------------------------------------------------------------------------------------------------------------------------------------+
; Analysis & Synthesis Resource Utilization by Entity                                                                                                                                                                   ;
+-----------------------------+---------------------+---------------------------+-------------------+------------+------+--------------+--------------------------------------------+--------------------+--------------+
; Compilation Hierarchy Node  ; Combinational ALUTs ; Dedicated Logic Registers ; Block Memory Bits ; DSP Blocks ; Pins ; Virtual Pins ; Full Hierarchy Name                        ; Entity Name        ; Library Name ;
+-----------------------------+---------------------+---------------------------+-------------------+------------+------+--------------+--------------------------------------------+--------------------+--------------+
; |relogioDespertador         ; 67 (0)              ; 16 (0)                    ; 0                 ; 0          ; 43   ; 0            ; |relogioDespertador                        ; relogioDespertador ; work         ;
;    |codificador:cod|        ; 3 (3)               ; 0 (0)                     ; 0                 ; 0          ; 0    ; 0            ; |relogioDespertador|codificador:cod        ; codificador        ; work         ;
;    |contador:conth0|        ; 6 (6)               ; 4 (4)                     ; 0                 ; 0          ; 0    ; 0            ; |relogioDespertador|contador:conth0        ; contador           ; work         ;
;    |contador:conth1|        ; 6 (6)               ; 4 (4)                     ; 0                 ; 0          ; 0    ; 0            ; |relogioDespertador|contador:conth1        ; contador           ; work         ;
;    |contador:contm0|        ; 5 (5)               ; 4 (4)                     ; 0                 ; 0          ; 0    ; 0            ; |relogioDespertador|contador:contm0        ; contador           ; work         ;
;    |contador:contm1|        ; 8 (8)               ; 4 (4)                     ; 0                 ; 0          ; 0    ; 0            ; |relogioDespertador|contador:contm1        ; contador           ; work         ;
;    |controlador:control|    ; 8 (8)               ; 0 (0)                     ; 0                 ; 0          ; 0    ; 0            ; |relogioDespertador|controlador:control    ; controlador        ; work         ;
;    |decodificador:display1| ; 6 (6)               ; 0 (0)                     ; 0                 ; 0          ; 0    ; 0            ; |relogioDespertador|decodificador:display1 ; decodificador      ; work         ;
;    |decodificador:display2| ; 8 (8)               ; 0 (0)                     ; 0                 ; 0          ; 0    ; 0            ; |relogioDespertador|decodificador:display2 ; decodificador      ; work         ;
;    |decodificador:display3| ; 7 (7)               ; 0 (0)                     ; 0                 ; 0          ; 0    ; 0            ; |relogioDespertador|decodificador:display3 ; decodificador      ; work         ;
;    |decodificador:display4| ; 6 (6)               ; 0 (0)                     ; 0                 ; 0          ; 0    ; 0            ; |relogioDespertador|decodificador:display4 ; decodificador      ; work         ;
;    |demux1x4:demux|         ; 4 (4)               ; 0 (0)                     ; 0                 ; 0          ; 0    ; 0            ; |relogioDespertador|demux1x4:demux         ; demux1x4           ; work         ;
+-----------------------------+---------------------+---------------------------+-------------------+------------+------+--------------+--------------------------------------------+--------------------+--------------+
Note: For table entries with two numbers listed, the numbers in parentheses indicate the number of resources of the given type used by the specific entity alone. The numbers listed outside of parentheses indicate the total resources of the given type used by the specific entity and all of its sub-entities in the hierarchy.


+------------------------------------------------------+
; General Register Statistics                          ;
+----------------------------------------------+-------+
; Statistic                                    ; Value ;
+----------------------------------------------+-------+
; Total registers                              ; 16    ;
; Number of registers using Synchronous Clear  ; 0     ;
; Number of registers using Synchronous Load   ; 3     ;
; Number of registers using Asynchronous Clear ; 16    ;
; Number of registers using Asynchronous Load  ; 0     ;
; Number of registers using Clock Enable       ; 8     ;
; Number of registers using Preset             ; 0     ;
+----------------------------------------------+-------+


+--------------------------------------------------------------+
; Parameter Settings for User Entity Instance: contador:contm0 ;
+----------------+-------+-------------------------------------+
; Parameter Name ; Value ; Type                                ;
+----------------+-------+-------------------------------------+
; w              ; 4     ; Signed Integer                      ;
+----------------+-------+-------------------------------------+
Note: In order to hide this table in the UI and the text report file, please set the "Show Parameter Settings in Synthesis Report" option in "Analysis and Synthesis Settings -> More Settings" to "Off".


+--------------------------------------------------------------+
; Parameter Settings for User Entity Instance: contador:contm1 ;
+----------------+-------+-------------------------------------+
; Parameter Name ; Value ; Type                                ;
+----------------+-------+-------------------------------------+
; w              ; 4     ; Signed Integer                      ;
+----------------+-------+-------------------------------------+
Note: In order to hide this table in the UI and the text report file, please set the "Show Parameter Settings in Synthesis Report" option in "Analysis and Synthesis Settings -> More Settings" to "Off".


+--------------------------------------------------------------+
; Parameter Settings for User Entity Instance: contador:conth0 ;
+----------------+-------+-------------------------------------+
; Parameter Name ; Value ; Type                                ;
+----------------+-------+-------------------------------------+
; w              ; 4     ; Signed Integer                      ;
+----------------+-------+-------------------------------------+
Note: In order to hide this table in the UI and the text report file, please set the "Show Parameter Settings in Synthesis Report" option in "Analysis and Synthesis Settings -> More Settings" to "Off".


+--------------------------------------------------------------+
; Parameter Settings for User Entity Instance: contador:conth1 ;
+----------------+-------+-------------------------------------+
; Parameter Name ; Value ; Type                                ;
+----------------+-------+-------------------------------------+
; w              ; 4     ; Signed Integer                      ;
+----------------+-------+-------------------------------------+
Note: In order to hide this table in the UI and the text report file, please set the "Show Parameter Settings in Synthesis Report" option in "Analysis and Synthesis Settings -> More Settings" to "Off".


+-----------------------------------------------------+
; Post-Synthesis Netlist Statistics for Top Partition ;
+-----------------------+-----------------------------+
; Type                  ; Count                       ;
+-----------------------+-----------------------------+
; arriav_ff             ; 16                          ;
;     CLR               ; 7                           ;
;     CLR SLD           ; 1                           ;
;     ENA CLR           ; 6                           ;
;     ENA CLR SLD       ; 2                           ;
; arriav_lcell_comb     ; 69                          ;
;     normal            ; 69                          ;
;         1 data inputs ; 5                           ;
;         2 data inputs ; 2                           ;
;         3 data inputs ; 21                          ;
;         4 data inputs ; 19                          ;
;         5 data inputs ; 12                          ;
;         6 data inputs ; 10                          ;
; boundary_port         ; 43                          ;
;                       ;                             ;
; Max LUT depth         ; 3.00                        ;
; Average LUT depth     ; 1.75                        ;
+-----------------------+-----------------------------+


+-------------------------------+
; Elapsed Time Per Partition    ;
+----------------+--------------+
; Partition Name ; Elapsed Time ;
+----------------+--------------+
; Top            ; 00:00:01     ;
+----------------+--------------+


+-------------------------------+
; Analysis & Synthesis Messages ;
+-------------------------------+
Info: *******************************************************************
Info: Running Quartus Prime Analysis & Synthesis
    Info: Version 18.1.0 Build 625 09/12/2018 SJ Lite Edition
    Info: Processing started: Wed Oct 30 16:57:27 2019
Info: Command: quartus_map --read_settings_files=on --write_settings_files=off relogioDespertador -c relogioDespertador
Warning (18236): Number of processors has not been specified which may cause overloading on shared machines.  Set the global assignment NUM_PARALLEL_PROCESSORS in your QSF to an appropriate value for best performance.
Info (20030): Parallel compilation is enabled and will use 2 of the 2 processors detected
Info (12021): Found 2 design units, including 1 entities, in source file codificador.vhd
    Info (12022): Found design unit 1: codificador-structural File: /home/gabriel/programs/circuitos/relogiodigital/codificador.vhd Line: 10
    Info (12023): Found entity 1: codificador File: /home/gabriel/programs/circuitos/relogiodigital/codificador.vhd Line: 5
Info (12021): Found 2 design units, including 1 entities, in source file demux1x4.vhd
    Info (12022): Found design unit 1: demux1x4-structural File: /home/gabriel/programs/circuitos/relogiodigital/demux1x4.vhd Line: 11
    Info (12023): Found entity 1: demux1x4 File: /home/gabriel/programs/circuitos/relogiodigital/demux1x4.vhd Line: 5
Info (12021): Found 2 design units, including 1 entities, in source file decodificador.vhd
    Info (12022): Found design unit 1: decodificador-structural File: /home/gabriel/programs/circuitos/relogiodigital/decodificador.vhd Line: 10
    Info (12023): Found entity 1: decodificador File: /home/gabriel/programs/circuitos/relogiodigital/decodificador.vhd Line: 5
Info (12021): Found 2 design units, including 1 entities, in source file relogioDespertador.vhd
    Info (12022): Found design unit 1: relogioDespertador-structural File: /home/gabriel/programs/circuitos/relogiodigital/relogioDespertador.vhd Line: 14
    Info (12023): Found entity 1: relogioDespertador File: /home/gabriel/programs/circuitos/relogiodigital/relogioDespertador.vhd Line: 5
Info (12021): Found 2 design units, including 1 entities, in source file contador.vhd
    Info (12022): Found design unit 1: contador-arch_1 File: /home/gabriel/programs/circuitos/relogiodigital/contador.vhd Line: 15
    Info (12023): Found entity 1: contador File: /home/gabriel/programs/circuitos/relogiodigital/contador.vhd Line: 5
Info (12021): Found 2 design units, including 1 entities, in source file controlador.vhd
    Info (12022): Found design unit 1: controlador-behavior File: /home/gabriel/programs/circuitos/relogiodigital/controlador.vhd Line: 15
    Info (12023): Found entity 1: controlador File: /home/gabriel/programs/circuitos/relogiodigital/controlador.vhd Line: 5
Info (12127): Elaborating entity "relogioDespertador" for the top level hierarchy
Info (12128): Elaborating entity "codificador" for hierarchy "codificador:cod" File: /home/gabriel/programs/circuitos/relogiodigital/relogioDespertador.vhd Line: 56
Info (12128): Elaborating entity "demux1x4" for hierarchy "demux1x4:demux" File: /home/gabriel/programs/circuitos/relogiodigital/relogioDespertador.vhd Line: 57
Info (12128): Elaborating entity "contador" for hierarchy "contador:contm0" File: /home/gabriel/programs/circuitos/relogiodigital/relogioDespertador.vhd Line: 59
Info (12128): Elaborating entity "controlador" for hierarchy "controlador:control" File: /home/gabriel/programs/circuitos/relogiodigital/relogioDespertador.vhd Line: 63
Info (12128): Elaborating entity "decodificador" for hierarchy "decodificador:display1" File: /home/gabriel/programs/circuitos/relogiodigital/relogioDespertador.vhd Line: 65
Info (286030): Timing-Driven Synthesis is running
Info (16010): Generating hard_block partition "hard_block:auto_generated_inst"
    Info (16011): Adding 0 node(s), including 0 DDIO, 0 PLL, 0 transceiver and 0 LCELL
Warning (21074): Design contains 1 input pin(s) that do not drive logic
    Warning (15610): No output dependent on input pin "teclado[0]" File: /home/gabriel/programs/circuitos/relogiodigital/relogioDespertador.vhd Line: 6
Info (21057): Implemented 110 device resources after synthesis - the final resource count might be different
    Info (21058): Implemented 15 input pins
    Info (21059): Implemented 28 output pins
    Info (21061): Implemented 67 logic cells
Info: Quartus Prime Analysis & Synthesis was successful. 0 errors, 3 warnings
    Info: Peak virtual memory: 1037 megabytes
    Info: Processing ended: Wed Oct 30 16:58:11 2019
    Info: Elapsed time: 00:00:44
    Info: Total CPU time (on all processors): 00:01:12


