Flow report for relogioDespertador
Wed Oct 30 17:01:12 2019
Quartus Prime Version 18.1.0 Build 625 09/12/2018 SJ Lite Edition


---------------------
; Table of Contents ;
---------------------
  1. Legal Notice
  2. Flow Summary
  3. Flow Settings
  4. Flow Non-Default Global Settings
  5. Flow Elapsed Time
  6. Flow OS Summary
  7. Flow Log
  8. Flow Messages
  9. Flow Suppressed Messages



----------------
; Legal Notice ;
----------------
Copyright (C) 2018  Intel Corporation. All rights reserved.
Your use of Intel Corporation's design tools, logic functions 
and other software and tools, and its AMPP partner logic 
functions, and any output files from any of the foregoing 
(including device programming or simulation files), and any 
associated documentation or information are expressly subject 
to the terms and conditions of the Intel Program License 
Subscription Agreement, the Intel Quartus Prime License Agreement,
the Intel FPGA IP License Agreement, or other applicable license
agreement, including, without limitation, that your use is for
the sole purpose of programming logic devices manufactured by
Intel and sold by Intel or its authorized distributors.  Please
refer to the applicable agreement for further details.



+-------------------------------------------------------------------------------+
; Flow Summary                                                                  ;
+---------------------------------+---------------------------------------------+
; Flow Status                     ; Successful - Wed Oct 30 17:01:12 2019       ;
; Quartus Prime Version           ; 18.1.0 Build 625 09/12/2018 SJ Lite Edition ;
; Revision Name                   ; relogioDespertador                          ;
; Top-level Entity Name           ; relogioDespertador                          ;
; Family                          ; Cyclone V                                   ;
; Device                          ; 5CGXFC7C7F23C8                              ;
; Timing Models                   ; Final                                       ;
; Logic utilization (in ALMs)     ; 39 / 56,480 ( < 1 % )                       ;
; Total registers                 ; 16                                          ;
; Total pins                      ; 43 / 268 ( 16 % )                           ;
; Total virtual pins              ; 0                                           ;
; Total block memory bits         ; 0 / 7,024,640 ( 0 % )                       ;
; Total DSP Blocks                ; 0 / 156 ( 0 % )                             ;
; Total HSSI RX PCSs              ; 0 / 6 ( 0 % )                               ;
; Total HSSI PMA RX Deserializers ; 0 / 6 ( 0 % )                               ;
; Total HSSI TX PCSs              ; 0 / 6 ( 0 % )                               ;
; Total HSSI PMA TX Serializers   ; 0 / 6 ( 0 % )                               ;
; Total PLLs                      ; 0 / 13 ( 0 % )                              ;
; Total DLLs                      ; 0 / 4 ( 0 % )                               ;
+---------------------------------+---------------------------------------------+


+-----------------------------------------+
; Flow Settings                           ;
+-------------------+---------------------+
; Option            ; Setting             ;
+-------------------+---------------------+
; Start date & time ; 10/30/2019 16:57:28 ;
; Main task         ; Compilation         ;
; Revision Name     ; relogioDespertador  ;
+-------------------+---------------------+


+-----------------------------------------------------------------------------------------------------------------------------+
; Flow Non-Default Global Settings                                                                                            ;
+-------------------------------------+----------------------------------------+---------------+-------------+----------------+
; Assignment Name                     ; Value                                  ; Default Value ; Entity Name ; Section Id     ;
+-------------------------------------+----------------------------------------+---------------+-------------+----------------+
; COMPILER_SIGNATURE_ID               ; 132241052973599.157246544813408        ; --            ; --          ; --             ;
; EDA_OUTPUT_DATA_FORMAT              ; Vhdl                                   ; --            ; --          ; eda_simulation ;
; EDA_SIMULATION_TOOL                 ; ModelSim-Altera (VHDL)                 ; <None>        ; --          ; --             ;
; EDA_TIME_SCALE                      ; 1 ps                                   ; --            ; --          ; eda_simulation ;
; MAX_CORE_JUNCTION_TEMP              ; 85                                     ; --            ; --          ; --             ;
; MIN_CORE_JUNCTION_TEMP              ; 0                                      ; --            ; --          ; --             ;
; PARTITION_COLOR                     ; -- (Not supported for targeted family) ; --            ; --          ; Top            ;
; PARTITION_FITTER_PRESERVATION_LEVEL ; -- (Not supported for targeted family) ; --            ; --          ; Top            ;
; PARTITION_NETLIST_TYPE              ; -- (Not supported for targeted family) ; --            ; --          ; Top            ;
; PROJECT_OUTPUT_DIRECTORY            ; output_files                           ; --            ; --          ; --             ;
+-------------------------------------+----------------------------------------+---------------+-------------+----------------+


+--------------------------------------------------------------------------------------------------------------------------+
; Flow Elapsed Time                                                                                                        ;
+----------------------+--------------+-------------------------+---------------------+------------------------------------+
; Module Name          ; Elapsed Time ; Average Processors Used ; Peak Virtual Memory ; Total CPU Time (on all processors) ;
+----------------------+--------------+-------------------------+---------------------+------------------------------------+
; Analysis & Synthesis ; 00:00:43     ; 1.0                     ; 1016 MB             ; 00:01:12                           ;
; Fitter               ; 00:02:09     ; 1.0                     ; 2221 MB             ; 00:02:46                           ;
; Assembler            ; 00:00:18     ; 1.0                     ; 970 MB              ; 00:00:15                           ;
; Timing Analyzer      ; 00:00:11     ; 1.0                     ; 1182 MB             ; 00:00:09                           ;
; EDA Netlist Writer   ; 00:00:02     ; 1.0                     ; 1141 MB             ; 00:00:01                           ;
; Total                ; 00:03:23     ; --                      ; --                  ; 00:04:23                           ;
+----------------------+--------------+-------------------------+---------------------+------------------------------------+


+----------------------------------------------------------------------------------+
; Flow OS Summary                                                                  ;
+----------------------+------------------+----------+------------+----------------+
; Module Name          ; Machine Hostname ; OS Name  ; OS Version ; Processor type ;
+----------------------+------------------+----------+------------+----------------+
; Analysis & Synthesis ; GabrielsPC       ; Zorin OS ; 15         ; x86_64         ;
; Fitter               ; GabrielsPC       ; Zorin OS ; 15         ; x86_64         ;
; Assembler            ; GabrielsPC       ; Zorin OS ; 15         ; x86_64         ;
; Timing Analyzer      ; GabrielsPC       ; Zorin OS ; 15         ; x86_64         ;
; EDA Netlist Writer   ; GabrielsPC       ; Zorin OS ; 15         ; x86_64         ;
+----------------------+------------------+----------+------------+----------------+


------------
; Flow Log ;
------------
quartus_map --read_settings_files=on --write_settings_files=off relogioDespertador -c relogioDespertador
quartus_fit --read_settings_files=off --write_settings_files=off relogioDespertador -c relogioDespertador
quartus_asm --read_settings_files=off --write_settings_files=off relogioDespertador -c relogioDespertador
quartus_sta relogioDespertador -c relogioDespertador
quartus_eda --read_settings_files=off --write_settings_files=off relogioDespertador -c relogioDespertador



